Using pre-set license
Built from '2021.1/staging' branch; Version is '2021.1.6f1 (c0fade0cc7e9) revision 12647134'; Using compiler version '192528614'; Build Type 'Release'
OS: 'Windows 10 Home Single Language; OS build 19042.1237; Version 2009; 64bit' Language: 'en' Physical Memory: 32686 MB
BatchMode: 1, IsHumanControllingUs: 0, StartBugReporterOnCrash: 0, Is64bit: 1, IsPro: 0

 COMMAND LINE ARGUMENTS:
E:\Program Files\Unity\Hub\Editor\2021.1.6f1\Editor\Unity.exe
-adb2
-batchMode
-noUpm
-name
AssetImportWorker11
-projectPath
E:/Chris Bandalaria/Documents/DLS-CSB/4th Year/1ST TERM/GAMPROG3/MOBA REPOSITORY/Gamprog3_MOBA
-logFile
Logs/AssetImportWorker11.log
-srvPort
65062
Successfully changed project path to: E:/Chris Bandalaria/Documents/DLS-CSB/4th Year/1ST TERM/GAMPROG3/MOBA REPOSITORY/Gamprog3_MOBA
E:/Chris Bandalaria/Documents/DLS-CSB/4th Year/1ST TERM/GAMPROG3/MOBA REPOSITORY/Gamprog3_MOBA
Using Asset Import Pipeline V2.
Refreshing native plugins compatible for Editor in 459.59 ms, found 1 plugins.
Preloading 0 native plugins for Editor in 0.00 ms.
Initialize engine version: 2021.1.6f1 (c0fade0cc7e9)
[Subsystems] Discovering subsystems at path E:/Program Files/Unity/Hub/Editor/2021.1.6f1/Editor/Data/Resources/UnitySubsystems
[Subsystems] Discovering subsystems at path E:/Chris Bandalaria/Documents/DLS-CSB/4th Year/1ST TERM/GAMPROG3/MOBA REPOSITORY/Gamprog3_MOBA/Assets
GfxDevice: creating device client; threaded=0; jobified=0
