Using pre-set license
Built from '2021.1/staging' branch; Version is '2021.1.6f1 (c0fade0cc7e9) revision 12647134'; Using compiler version '192528614'; Build Type 'Release'
OS: 'Windows 10 Home Single Language; OS build 19042.1348; Version 2009; 64bit' Language: 'en' Physical Memory: 32686 MB
BatchMode: 1, IsHumanControllingUs: 0, StartBugReporterOnCrash: 0, Is64bit: 1, IsPro: 0

 COMMAND LINE ARGUMENTS:
E:\Program Files\Unity\Hub\Editor\2021.1.6f1\Editor\Unity.exe
-adb2
-batchMode
-noUpm
-name
AssetImportWorker10
-projectPath
E:/Chris Bandalaria/Documents/DLS-CSB/4th Year/1ST TERM/GAMPROG3/MOBA REPOSITORY/Gamprog3_MOBA
-logFile
Logs/AssetImportWorker10.log
-srvPort
57155
Successfully changed project path to: E:/Chris Bandalaria/Documents/DLS-CSB/4th Year/1ST TERM/GAMPROG3/MOBA REPOSITORY/Gamprog3_MOBA
E:/Chris Bandalaria/Documents/DLS-CSB/4th Year/1ST TERM/GAMPROG3/MOBA REPOSITORY/Gamprog3_MOBA
Using Asset Import Pipeline V2.
Refreshing native plugins compatible for Editor in 116.88 ms, found 1 plugins.
Preloading 0 native plugins for Editor in 0.00 ms.
Initialize engine version: 2021.1.6f1 (c0fade0cc7e9)
[Subsystems] Discovering subsystems at path E:/Program Files/Unity/Hub/Editor/2021.1.6f1/Editor/Data/Resources/UnitySubsystems
[Subsystems] Discovering subsystems at path E:/Chris Bandalaria/Documents/DLS-CSB/4th Year/1ST TERM/GAMPROG3/MOBA REPOSITORY/Gamprog3_MOBA/Assets
GfxDevice: creating device client; threaded=0; jobified=0
Direct3D:
    Version:  Direct3D 11.0 [level 11.1]
    Renderer: NVIDIA GeForce RTX 2060 (ID=0x1f08)
    Vendor:   NVIDIA
    VRAM:     5980 MB
    Driver:   30.0.14.7212
Initialize mono
Mono path[0] = 'E:/Program Files/Unity/Hub/Editor/2021.1.6f1/Editor/Data/Managed'
Mono path[1] = 'E:/Program Files/Unity/Hub/Editor/2021.1.6f1/Editor/Data/MonoBleedingEdge/lib/mono/unityjit'
Mono config path = 'E:/Program Files/Unity/Hub/Editor/2021.1.6f1/Editor/Data/MonoBleedingEdge/etc'
Using monoOptions --debugger-agent=transport=dt_socket,embedding=1,server=y,suspend=n,address=127.0.0.1:56188
Begin MonoManager ReloadAssembly
Registering precompiled unity dll's ...
Register platform support module: E:/Program Files/Unity/Hub/Editor/2021.1.6f1/Editor/Data/PlaybackEngines/WindowsStandaloneSupport/UnityEditor.WindowsStandalone.Extensions.dll
Registered in 0.007194 seconds.
Native extension for WindowsStandalone target not found
Refreshing native plugins compatible for Editor in 98.58 ms, found 1 plugins.
Preloading 0 native plugins for Editor in 0.00 ms.
Mono: successfully reloaded assembly
- Completed reload, in  7.240 seconds
Platform modules already initialized, skipping
Registering precompiled user dll's ...
Registered in 0.005298 seconds.
Begin MonoManager ReloadAssembly
Native extension for WindowsStandalone target not found
Refreshing native plugins compatible for Editor in 0.49 ms, found 1 plugins.
Preloading 0 native plugins for Editor in 0.00 ms.
Mono: successfully reloaded assembly
- Completed reload, in  1.427 seconds
Platform modules already initialized, skipping
========================================================================
Worker process is ready to serve import requests
Launched and connected shader compiler UnityShaderCompiler.exe after 0.27 seconds
Refreshing native plugins compatible for Editor in 0.48 ms, found 1 plugins.
Preloading 0 native plugins for Editor in 0.00 ms.
Unloading 2761 Unused Serialized files (Serialized files now loaded: 0)
System memory in use before: 108.8 MB.
System memory in use after: 109.0 MB.

Unloading 16 unused Assets to reduce memory usage. Loaded Objects now: 3232.
Total: 1.753500 ms (FindLiveObjects: 0.191600 ms CreateObjectMapping: 0.095000 ms MarkObjects: 1.385200 ms  DeleteObjects: 0.080900 ms)

========================================================================
Received Import Request.
  path: Assets/Prefab/Creeps/MeleeCreep 1.prefab
  artifactKey: Guid(e870ced6b6f92b548bea73136145dfc9) Importer(815301076,1909f56bfc062723c751e8b465ee728b)
Start importing Assets/Prefab/Creeps/MeleeCreep 1.prefab using Guid(e870ced6b6f92b548bea73136145dfc9) Importer(815301076,1909f56bfc062723c751e8b465ee728b)  -> (artifact id: '2082f38256459c5ea6a8d2b977012b94') in 5.816954 seconds 
========================================================================
Received Import Request.
  Time since last request: 0.153028 seconds.
  path: Assets/Prefab/Creeps/SuperRangeCreep_Red.prefab
  artifactKey: Guid(69ba91baf79469549a386daefaa5a839) Importer(815301076,1909f56bfc062723c751e8b465ee728b)
Start importing Assets/Prefab/Creeps/SuperRangeCreep_Red.prefab using Guid(69ba91baf79469549a386daefaa5a839) Importer(815301076,1909f56bfc062723c751e8b465ee728b)  -> (artifact id: 'ab36feaa69a1b543751c81e39b870e78') in 1.053182 seconds 
========================================================================
Received Import Request.
  Time since last request: 0.122905 seconds.
  path: Assets/Prefab/Creeps/SuperRangeCreep_Blue.prefab
  artifactKey: Guid(75db5f905943f5d42be6e142656481cc) Importer(815301076,1909f56bfc062723c751e8b465ee728b)
Start importing Assets/Prefab/Creeps/SuperRangeCreep_Blue.prefab using Guid(75db5f905943f5d42be6e142656481cc) Importer(815301076,1909f56bfc062723c751e8b465ee728b)  -> (artifact id: 'e133f23576475c85b02384bdc5e9f95e') in 0.240175 seconds 
========================================================================
Received Import Request.
  Time since last request: 0.163714 seconds.
  path: Assets/Prefab/Creeps/Super Melee Creep 1.prefab
  artifactKey: Guid(ff283c9f328ce274cb88c1ca48784727) Importer(815301076,1909f56bfc062723c751e8b465ee728b)
Start importing Assets/Prefab/Creeps/Super Melee Creep 1.prefab using Guid(ff283c9f328ce274cb88c1ca48784727) Importer(815301076,1909f56bfc062723c751e8b465ee728b)  -> (artifact id: '2939ac20b4f407215c4182981aa00723') in 0.511223 seconds 
========================================================================
Received Import Request.
  Time since last request: 0.000951 seconds.
  path: Assets/Prefab/Creeps/MeleeCreepRadiant.prefab
  artifactKey: Guid(31b4f9ced51ee3945baecff539fad42f) Importer(815301076,1909f56bfc062723c751e8b465ee728b)
Start importing Assets/Prefab/Creeps/MeleeCreepRadiant.prefab using Guid(31b4f9ced51ee3945baecff539fad42f) Importer(815301076,1909f56bfc062723c751e8b465ee728b)  -> (artifact id: '5438b980b9264bbba68d2a18983de74b') in 0.128860 seconds 
========================================================================
Received Import Request.
  Time since last request: 0.000708 seconds.
  path: Assets/Prefab/Creeps/SiegeTankRed.prefab
  artifactKey: Guid(0b772aa84770f5143b4c1a78886af23d) Importer(815301076,1909f56bfc062723c751e8b465ee728b)
Start importing Assets/Prefab/Creeps/SiegeTankRed.prefab using Guid(0b772aa84770f5143b4c1a78886af23d) Importer(815301076,1909f56bfc062723c751e8b465ee728b)  -> (artifact id: 'b2ce25125d6066161e4a3af5e834c518') in 0.683570 seconds 
========================================================================
Received Import Request.
  Time since last request: 0.000677 seconds.
  path: Assets/Prefab/Creeps/RangedCreep 1.prefab
  artifactKey: Guid(5ed83963e2ea86b42b4e0368df848cbd) Importer(815301076,1909f56bfc062723c751e8b465ee728b)
Start importing Assets/Prefab/Creeps/RangedCreep 1.prefab using Guid(5ed83963e2ea86b42b4e0368df848cbd) Importer(815301076,1909f56bfc062723c751e8b465ee728b)  -> (artifact id: '05023870a314543418f6f227c9122475') in 0.521382 seconds 
========================================================================
Received Import Request.
  Time since last request: 0.001390 seconds.
  path: Assets/Prefab/Creeps/RangedCreep.prefab
  artifactKey: Guid(6b99c91e7f9f73b40bf7f8c3929cd02f) Importer(815301076,1909f56bfc062723c751e8b465ee728b)
Start importing Assets/Prefab/Creeps/RangedCreep.prefab using Guid(6b99c91e7f9f73b40bf7f8c3929cd02f) Importer(815301076,1909f56bfc062723c751e8b465ee728b)  -> (artifact id: '35df732c038a8b779e689b68216f1388') in 0.199239 seconds 
========================================================================
Received Import Request.
  Time since last request: 0.001311 seconds.
  path: Assets/Prefab/Creeps/SiegeTankBlue.prefab
  artifactKey: Guid(b421f26e5591a2444bf7c0d939f443b8) Importer(815301076,1909f56bfc062723c751e8b465ee728b)
Start importing Assets/Prefab/Creeps/SiegeTankBlue.prefab using Guid(b421f26e5591a2444bf7c0d939f443b8) Importer(815301076,1909f56bfc062723c751e8b465ee728b)  -> (artifact id: 'cdebfdc96d69828194a7e7a8ee286145') in 1.899812 seconds 
========================================================================
Received Import Request.
  Time since last request: 0.000737 seconds.
  path: Assets/Prefab/Creeps/Super Melee Creep.prefab
  artifactKey: Guid(ef5425feb1a14004eaec2568134c09b3) Importer(815301076,1909f56bfc062723c751e8b465ee728b)
Start importing Assets/Prefab/Creeps/Super Melee Creep.prefab using Guid(ef5425feb1a14004eaec2568134c09b3) Importer(815301076,1909f56bfc062723c751e8b465ee728b)  -> (artifact id: '8097bb1e1c800575f854298e55b834a2') in 0.281519 seconds 
========================================================================
Received Import Request.
  Time since last request: 0.010350 seconds.
  path: Assets/Prefab/Creeps/RangedCreep 2.prefab
  artifactKey: Guid(035562124a528cb449d3fa3821ae208e) Importer(815301076,1909f56bfc062723c751e8b465ee728b)
Start importing Assets/Prefab/Creeps/RangedCreep 2.prefab using Guid(035562124a528cb449d3fa3821ae208e) Importer(815301076,1909f56bfc062723c751e8b465ee728b)  -> (artifact id: 'ac42641e0f12f7cb23217a672f644174') in 0.437127 seconds 
========================================================================
Received Import Request.
  Time since last request: 373.663623 seconds.
  path: Assets/Prefab/Creeps/MeleeCreepRadiant.prefab
  artifactKey: Guid(31b4f9ced51ee3945baecff539fad42f) Importer(815301076,1909f56bfc062723c751e8b465ee728b)
Start importing Assets/Prefab/Creeps/MeleeCreepRadiant.prefab using Guid(31b4f9ced51ee3945baecff539fad42f) Importer(815301076,1909f56bfc062723c751e8b465ee728b)  -> (artifact id: '908597d42ecfe92ca5e681b61aaffcd9') in 0.202589 seconds 
========================================================================
Received Import Request.
  Time since last request: 8.636016 seconds.
  path: Assets/Prefab/Creeps/MeleeCreep 1.prefab
  artifactKey: Guid(e870ced6b6f92b548bea73136145dfc9) Importer(815301076,1909f56bfc062723c751e8b465ee728b)
Start importing Assets/Prefab/Creeps/MeleeCreep 1.prefab using Guid(e870ced6b6f92b548bea73136145dfc9) Importer(815301076,1909f56bfc062723c751e8b465ee728b)  -> (artifact id: '503ae6b15d60d0f510b9a2f200750a4c') in 0.303421 seconds 
========================================================================
Received Import Request.
  Time since last request: 15.138916 seconds.
  path: Assets/Prefab/Creeps/RangedCreep 1.prefab
  artifactKey: Guid(5ed83963e2ea86b42b4e0368df848cbd) Importer(815301076,1909f56bfc062723c751e8b465ee728b)
Start importing Assets/Prefab/Creeps/RangedCreep 1.prefab using Guid(5ed83963e2ea86b42b4e0368df848cbd) Importer(815301076,1909f56bfc062723c751e8b465ee728b)  -> (artifact id: '000f12c62228944f0f4037344039f57b') in 0.256639 seconds 
========================================================================
Received Import Request.
  Time since last request: 15.620027 seconds.
  path: Assets/Prefab/Creeps/RangedCreep 1.prefab
  artifactKey: Guid(5ed83963e2ea86b42b4e0368df848cbd) Importer(815301076,1909f56bfc062723c751e8b465ee728b)
Start importing Assets/Prefab/Creeps/RangedCreep 1.prefab using Guid(5ed83963e2ea86b42b4e0368df848cbd) Importer(815301076,1909f56bfc062723c751e8b465ee728b)  -> (artifact id: '256120a5e64a4231b01d279f54fbbbb9') in 0.198040 seconds 
========================================================================
Received Import Request.
  Time since last request: 1.202241 seconds.
  path: Assets/Prefab/Creeps/RangedCreep 1.prefab
  artifactKey: Guid(5ed83963e2ea86b42b4e0368df848cbd) Importer(815301076,1909f56bfc062723c751e8b465ee728b)
Start importing Assets/Prefab/Creeps/RangedCreep 1.prefab using Guid(5ed83963e2ea86b42b4e0368df848cbd) Importer(815301076,1909f56bfc062723c751e8b465ee728b)  -> (artifact id: '537b8748174fd6fa6bcec8e27a6fc888') in 0.505250 seconds 
========================================================================
Received Import Request.
  Time since last request: 8.880393 seconds.
  path: Assets/Prefab/Creeps/RangedCreep 2.prefab
  artifactKey: Guid(035562124a528cb449d3fa3821ae208e) Importer(815301076,1909f56bfc062723c751e8b465ee728b)
Start importing Assets/Prefab/Creeps/RangedCreep 2.prefab using Guid(035562124a528cb449d3fa3821ae208e) Importer(815301076,1909f56bfc062723c751e8b465ee728b)  -> (artifact id: '7db94da8cc0d04e854fa8382f955a6a7') in 0.132053 seconds 
========================================================================
Received Import Request.
  Time since last request: 6.173624 seconds.
  path: Assets/Prefab/Creeps/RangedCreep.prefab
  artifactKey: Guid(6b99c91e7f9f73b40bf7f8c3929cd02f) Importer(815301076,1909f56bfc062723c751e8b465ee728b)
Start importing Assets/Prefab/Creeps/RangedCreep.prefab using Guid(6b99c91e7f9f73b40bf7f8c3929cd02f) Importer(815301076,1909f56bfc062723c751e8b465ee728b)  -> (artifact id: '4ae9c88d088a96c756294ccad5f6c4e9') in 0.144054 seconds 
========================================================================
Received Import Request.
  Time since last request: 12.780162 seconds.
  path: Assets/Prefab/Creeps/SiegeTankBlue.prefab
  artifactKey: Guid(b421f26e5591a2444bf7c0d939f443b8) Importer(815301076,1909f56bfc062723c751e8b465ee728b)
Start importing Assets/Prefab/Creeps/SiegeTankBlue.prefab using Guid(b421f26e5591a2444bf7c0d939f443b8) Importer(815301076,1909f56bfc062723c751e8b465ee728b)  -> (artifact id: 'a4e27f82469c0317dcbb23e1166519a6') in 0.192474 seconds 
========================================================================
Received Import Request.
  Time since last request: 10.496055 seconds.
  path: Assets/Prefab/Creeps/SiegeTankBlue.prefab
  artifactKey: Guid(b421f26e5591a2444bf7c0d939f443b8) Importer(815301076,1909f56bfc062723c751e8b465ee728b)
Start importing Assets/Prefab/Creeps/SiegeTankBlue.prefab using Guid(b421f26e5591a2444bf7c0d939f443b8) Importer(815301076,1909f56bfc062723c751e8b465ee728b)  -> (artifact id: '18999322dfdea29a7b6023192de52f9a') in 0.231856 seconds 
========================================================================
Received Import Request.
  Time since last request: 2.412888 seconds.
  path: Assets/Prefab/Creeps/SiegeTankBlue.prefab
  artifactKey: Guid(b421f26e5591a2444bf7c0d939f443b8) Importer(815301076,1909f56bfc062723c751e8b465ee728b)
Start importing Assets/Prefab/Creeps/SiegeTankBlue.prefab using Guid(b421f26e5591a2444bf7c0d939f443b8) Importer(815301076,1909f56bfc062723c751e8b465ee728b)  -> (artifact id: '8aed442e2b30dddf26ec211a033b01d7') in 0.212716 seconds 
========================================================================
Received Import Request.
  Time since last request: 11.286120 seconds.
  path: Assets/Prefab/Creeps/Super Melee Creep 1.prefab
  artifactKey: Guid(ff283c9f328ce274cb88c1ca48784727) Importer(815301076,1909f56bfc062723c751e8b465ee728b)
Start importing Assets/Prefab/Creeps/Super Melee Creep 1.prefab using Guid(ff283c9f328ce274cb88c1ca48784727) Importer(815301076,1909f56bfc062723c751e8b465ee728b)  -> (artifact id: '693710ae26628d99480f3f5a28e686b1') in 0.114149 seconds 
========================================================================
Received Import Request.
  Time since last request: 4.862732 seconds.
  path: Assets/Prefab/Creeps/Super Melee Creep 1.prefab
  artifactKey: Guid(ff283c9f328ce274cb88c1ca48784727) Importer(815301076,1909f56bfc062723c751e8b465ee728b)
Start importing Assets/Prefab/Creeps/Super Melee Creep 1.prefab using Guid(ff283c9f328ce274cb88c1ca48784727) Importer(815301076,1909f56bfc062723c751e8b465ee728b)  -> (artifact id: 'ac0922791e40ece2c3b088c4bdf97f90') in 0.240493 seconds 
========================================================================
Received Import Request.
  Time since last request: 5.046725 seconds.
  path: Assets/Prefab/Creeps/Super Melee Creep 1.prefab
  artifactKey: Guid(ff283c9f328ce274cb88c1ca48784727) Importer(815301076,1909f56bfc062723c751e8b465ee728b)
Start importing Assets/Prefab/Creeps/Super Melee Creep 1.prefab using Guid(ff283c9f328ce274cb88c1ca48784727) Importer(815301076,1909f56bfc062723c751e8b465ee728b)  -> (artifact id: '7317fd2ce9dac99b06dfba273136bd9b') in 0.276575 seconds 
========================================================================
Received Import Request.
  Time since last request: 18.545158 seconds.
  path: Assets/Prefab/Creeps/Super Melee Creep.prefab
  artifactKey: Guid(ef5425feb1a14004eaec2568134c09b3) Importer(815301076,1909f56bfc062723c751e8b465ee728b)
Start importing Assets/Prefab/Creeps/Super Melee Creep.prefab using Guid(ef5425feb1a14004eaec2568134c09b3) Importer(815301076,1909f56bfc062723c751e8b465ee728b)  -> (artifact id: 'f632f915c2ad9577755ffac955505996') in 0.155692 seconds 
========================================================================
Received Import Request.
  Time since last request: 7.215567 seconds.
  path: Assets/Prefab/Creeps/SuperRangeCreep_Blue.prefab
  artifactKey: Guid(75db5f905943f5d42be6e142656481cc) Importer(815301076,1909f56bfc062723c751e8b465ee728b)
Start importing Assets/Prefab/Creeps/SuperRangeCreep_Blue.prefab using Guid(75db5f905943f5d42be6e142656481cc) Importer(815301076,1909f56bfc062723c751e8b465ee728b)  -> (artifact id: 'c85112430d646506e660776dc0ee5168') in 0.185785 seconds 
========================================================================
Received Import Request.
  Time since last request: 9.169242 seconds.
  path: Assets/Prefab/Creeps/SuperRangeCreep_Blue.prefab
  artifactKey: Guid(75db5f905943f5d42be6e142656481cc) Importer(815301076,1909f56bfc062723c751e8b465ee728b)
Start importing Assets/Prefab/Creeps/SuperRangeCreep_Blue.prefab using Guid(75db5f905943f5d42be6e142656481cc) Importer(815301076,1909f56bfc062723c751e8b465ee728b)  -> (artifact id: 'a406b5b5048da06b310d3f53c87a1120') in 0.281739 seconds 
========================================================================
Received Import Request.
  Time since last request: 0.255335 seconds.
  path: Assets/Prefab/Creeps/SuperRangeCreep_Blue.prefab
  artifactKey: Guid(75db5f905943f5d42be6e142656481cc) Importer(815301076,1909f56bfc062723c751e8b465ee728b)
Start importing Assets/Prefab/Creeps/SuperRangeCreep_Blue.prefab using Guid(75db5f905943f5d42be6e142656481cc) Importer(815301076,1909f56bfc062723c751e8b465ee728b)  -> (artifact id: '8f05ceb939355deb96227eed60f958fe') in 0.234703 seconds 
========================================================================
Received Prepare
Registering precompiled user dll's ...
Registered in 0.003656 seconds.
Begin MonoManager ReloadAssembly
Native extension for WindowsStandalone target not found
Refreshing native plugins compatible for Editor in 0.49 ms, found 1 plugins.
Preloading 0 native plugins for Editor in 0.00 ms.
Mono: successfully reloaded assembly
- Completed reload, in  0.941 seconds
Platform modules already initialized, skipping
Refreshing native plugins compatible for Editor in 0.53 ms, found 1 plugins.
Preloading 0 native plugins for Editor in 0.00 ms.
Unloading 2742 Unused Serialized files (Serialized files now loaded: 0)
System memory in use before: 112.0 MB.
System memory in use after: 112.2 MB.

Unloading 11 unused Assets to reduce memory usage. Loaded Objects now: 3247.
Total: 2.629400 ms (FindLiveObjects: 0.288100 ms CreateObjectMapping: 0.178900 ms MarkObjects: 2.144500 ms  DeleteObjects: 0.017200 ms)

========================================================================
Received Import Request.
  Time since last request: 227.862194 seconds.
  path: Assets/Prefab/KnightAI.prefab
  artifactKey: Guid(ed5aa1a49816b6d4689ae7f12ada6395) Importer(815301076,1909f56bfc062723c751e8b465ee728b)
Start importing Assets/Prefab/KnightAI.prefab using Guid(ed5aa1a49816b6d4689ae7f12ada6395) Importer(815301076,1909f56bfc062723c751e8b465ee728b)  -> (artifact id: 'f70703835ba52cb50b03251f78e3f091') in 1.203128 seconds 
========================================================================
Received Import Request.
  Time since last request: 0.002439 seconds.
  path: Assets/Prefab/KnightUnit .prefab
  artifactKey: Guid(ecc47b3d6c0768d478c8905b79dd0674) Importer(815301076,1909f56bfc062723c751e8b465ee728b)
Start importing Assets/Prefab/KnightUnit .prefab using Guid(ecc47b3d6c0768d478c8905b79dd0674) Importer(815301076,1909f56bfc062723c751e8b465ee728b)  -> (artifact id: '40a28f634e663471c37b099c3b5e3e8b') in 0.122541 seconds 
========================================================================
Received Import Request.
  Time since last request: 3.845302 seconds.
  path: Assets/Scenes/Prototype.unity
  artifactKey: Guid(f2d0e796c9e9f5f498c2d62277f3059b) Importer(815301076,1909f56bfc062723c751e8b465ee728b)
Start importing Assets/Scenes/Prototype.unity using Guid(f2d0e796c9e9f5f498c2d62277f3059b) Importer(815301076,1909f56bfc062723c751e8b465ee728b)  -> (artifact id: '12dd90f22097930ff8e069374dab2d95') in 0.032533 seconds 
========================================================================
Received Prepare
Registering precompiled user dll's ...
Registered in 0.069111 seconds.
Begin MonoManager ReloadAssembly
Native extension for WindowsStandalone target not found
Refreshing native plugins compatible for Editor in 0.58 ms, found 1 plugins.
Preloading 0 native plugins for Editor in 0.00 ms.
Mono: successfully reloaded assembly
- Completed reload, in  3.334 seconds
Platform modules already initialized, skipping
Refreshing native plugins compatible for Editor in 3.48 ms, found 1 plugins.
Preloading 0 native plugins for Editor in 0.00 ms.
Unloading 2742 Unused Serialized files (Serialized files now loaded: 0)
System memory in use before: 112.2 MB.
System memory in use after: 112.5 MB.

Unloading 11 unused Assets to reduce memory usage. Loaded Objects now: 3251.
Total: 42.359600 ms (FindLiveObjects: 3.606100 ms CreateObjectMapping: 0.841200 ms MarkObjects: 37.896700 ms  DeleteObjects: 0.014100 ms)

AssetImportWorkerClient::OnTransportError - code=2 error=End of file
