Using pre-set license
Built from '2021.1/staging' branch; Version is '2021.1.6f1 (c0fade0cc7e9) revision 12647134'; Using compiler version '192528614'; Build Type 'Release'
OS: 'Windows 10 Home; OS build 19042.1288; Version 2009; 64bit' Language: 'en' Physical Memory: 16229 MB
BatchMode: 1, IsHumanControllingUs: 0, StartBugReporterOnCrash: 0, Is64bit: 1, IsPro: 0

 COMMAND LINE ARGUMENTS:
C:\Program Files\Unity\Editor\2021.1.6f1\Editor\Unity.exe
-adb2
-batchMode
-noUpm
-name
AssetImportWorker0
-projectPath
D:/Gamprog3_Repo/Gamprog3_MOBA
-logFile
Logs/AssetImportWorker0.log
-srvPort
53955
Successfully changed project path to: D:/Gamprog3_Repo/Gamprog3_MOBA
D:/Gamprog3_Repo/Gamprog3_MOBA
Using Asset Import Pipeline V2.
Refreshing native plugins compatible for Editor in 78.47 ms, found 1 plugins.
Preloading 0 native plugins for Editor in 0.00 ms.
Initialize engine version: 2021.1.6f1 (c0fade0cc7e9)
[Subsystems] Discovering subsystems at path C:/Program Files/Unity/Editor/2021.1.6f1/Editor/Data/Resources/UnitySubsystems
[Subsystems] Discovering subsystems at path D:/Gamprog3_Repo/Gamprog3_MOBA/Assets
GfxDevice: creating device client; threaded=0; jobified=0
Direct3D:
    Version:  Direct3D 11.0 [level 11.1]
    Renderer: NVIDIA GeForce GTX 1070 (ID=0x1ba1)
    Vendor:   NVIDIA
    VRAM:     8081 MB
    Driver:   30.0.14.9649
Initialize mono
Mono path[0] = 'C:/Program Files/Unity/Editor/2021.1.6f1/Editor/Data/Managed'
Mono path[1] = 'C:/Program Files/Unity/Editor/2021.1.6f1/Editor/Data/MonoBleedingEdge/lib/mono/unityjit'
Mono config path = 'C:/Program Files/Unity/Editor/2021.1.6f1/Editor/Data/MonoBleedingEdge/etc'
Using monoOptions --debugger-agent=transport=dt_socket,embedding=1,server=y,suspend=n,address=127.0.0.1:56604
Begin MonoManager ReloadAssembly
Registering precompiled unity dll's ...
Register platform support module: C:/Program Files/Unity/Editor/2021.1.6f1/Editor/Data/PlaybackEngines/WindowsStandaloneSupport/UnityEditor.WindowsStandalone.Extensions.dll
Registered in 0.002087 seconds.
Native extension for WindowsStandalone target not found
Refreshing native plugins compatible for Editor in 82.08 ms, found 1 plugins.
Preloading 0 native plugins for Editor in 0.00 ms.
Mono: successfully reloaded assembly
- Completed reload, in  1.459 seconds
Platform modules already initialized, skipping
Registering precompiled user dll's ...
Registered in 0.002207 seconds.
Begin MonoManager ReloadAssembly
Native extension for WindowsStandalone target not found
Refreshing native plugins compatible for Editor in 0.51 ms, found 1 plugins.
Preloading 0 native plugins for Editor in 0.00 ms.
Mono: successfully reloaded assembly
- Completed reload, in  1.028 seconds
Platform modules already initialized, skipping
========================================================================
Worker process is ready to serve import requests
Launched and connected shader compiler UnityShaderCompiler.exe after 0.06 seconds
Refreshing native plugins compatible for Editor in 0.51 ms, found 1 plugins.
Preloading 0 native plugins for Editor in 0.00 ms.
Unloading 2717 Unused Serialized files (Serialized files now loaded: 0)
System memory in use before: 103.9 MB.
System memory in use after: 104.1 MB.

Unloading 14 unused Assets to reduce memory usage. Loaded Objects now: 3180.
Total: 2.121900 ms (FindLiveObjects: 0.231100 ms CreateObjectMapping: 0.121600 ms MarkObjects: 1.670300 ms  DeleteObjects: 0.098100 ms)

========================================================================
Received Import Request.
  path: Assets/Scripts/StateMachine/TowerStates.controller
  artifactKey: Guid(9923395c6b9974f46842dd94604887a1) Importer(815301076,1909f56bfc062723c751e8b465ee728b)
Start importing Assets/Scripts/StateMachine/TowerStates.controller using Guid(9923395c6b9974f46842dd94604887a1) Importer(815301076,1909f56bfc062723c751e8b465ee728b)  -> (artifact id: 'a1aafe624446f4bfceb313eabd70cd96') in 0.048617 seconds 
========================================================================
Received Import Request.
  Time since last request: 220.204769 seconds.
  path: Assets/Scripts/StateMachine/IdleState.cs
  artifactKey: Guid(0528faec501ef9b4780d254ba14446f8) Importer(815301076,1909f56bfc062723c751e8b465ee728b)
Start importing Assets/Scripts/StateMachine/IdleState.cs using Guid(0528faec501ef9b4780d254ba14446f8) Importer(815301076,1909f56bfc062723c751e8b465ee728b)  -> (artifact id: '52205b2d2c9669a9db2f61b0995c64f2') in 0.017296 seconds 
========================================================================
Received Import Request.
  Time since last request: 246.469467 seconds.
  path: Assets/Prefab/Tower Mage_Blue.prefab
  artifactKey: Guid(05eaed44db6cc234aa320897c2a5c115) Importer(815301076,1909f56bfc062723c751e8b465ee728b)
Start importing Assets/Prefab/Tower Mage_Blue.prefab using Guid(05eaed44db6cc234aa320897c2a5c115) Importer(815301076,1909f56bfc062723c751e8b465ee728b)  -> (artifact id: 'cd6c837d3403ea57964fc6af0a4e2140') in 0.155571 seconds 
========================================================================
Received Import Request.
  Time since last request: 82.440988 seconds.
  path: Assets/Prefab/Tower Mage_Blue.prefab
  artifactKey: Guid(05eaed44db6cc234aa320897c2a5c115) Importer(815301076,1909f56bfc062723c751e8b465ee728b)
Start importing Assets/Prefab/Tower Mage_Blue.prefab using Guid(05eaed44db6cc234aa320897c2a5c115) Importer(815301076,1909f56bfc062723c751e8b465ee728b)  -> (artifact id: 'e3e2bc4258d04910c049c885cc36b11c') in 0.225485 seconds 
========================================================================
Received Import Request.
  Time since last request: 27.234267 seconds.
  path: Assets/Prefab/Tower Mage_Blue.prefab
  artifactKey: Guid(05eaed44db6cc234aa320897c2a5c115) Importer(815301076,1909f56bfc062723c751e8b465ee728b)
Start importing Assets/Prefab/Tower Mage_Blue.prefab using Guid(05eaed44db6cc234aa320897c2a5c115) Importer(815301076,1909f56bfc062723c751e8b465ee728b)  -> (artifact id: '2e70d9261579f4aeaf097a49d1b5f4c0') in 0.020290 seconds 
========================================================================
Received Import Request.
  Time since last request: 35.558932 seconds.
  path: Assets/Prefab/Tower Mage_Blue.prefab
  artifactKey: Guid(05eaed44db6cc234aa320897c2a5c115) Importer(815301076,1909f56bfc062723c751e8b465ee728b)
Start importing Assets/Prefab/Tower Mage_Blue.prefab using Guid(05eaed44db6cc234aa320897c2a5c115) Importer(815301076,1909f56bfc062723c751e8b465ee728b)  -> (artifact id: 'eae142867f96f5ea2e21797efcaa8039') in 0.016943 seconds 
========================================================================
Received Import Request.
  Time since last request: 11.466153 seconds.
  path: Assets/Prefab/Tower Mage_Blue.prefab
  artifactKey: Guid(05eaed44db6cc234aa320897c2a5c115) Importer(815301076,1909f56bfc062723c751e8b465ee728b)
Start importing Assets/Prefab/Tower Mage_Blue.prefab using Guid(05eaed44db6cc234aa320897c2a5c115) Importer(815301076,1909f56bfc062723c751e8b465ee728b)  -> (artifact id: '562406e78403acc07ddae4d2e2cd3405') in 0.060297 seconds 
========================================================================
Received Import Request.
  Time since last request: 10.697555 seconds.
  path: Assets/Prefab/Tower Mage_Blue.prefab
  artifactKey: Guid(05eaed44db6cc234aa320897c2a5c115) Importer(815301076,1909f56bfc062723c751e8b465ee728b)
Start importing Assets/Prefab/Tower Mage_Blue.prefab using Guid(05eaed44db6cc234aa320897c2a5c115) Importer(815301076,1909f56bfc062723c751e8b465ee728b)  -> (artifact id: '6f35829fa728e637ceeffcddd1f0c69e') in 0.014856 seconds 
========================================================================
Received Import Request.
  Time since last request: 3.214553 seconds.
  path: Assets/Prefab/Tower Mage_Blue.prefab
  artifactKey: Guid(05eaed44db6cc234aa320897c2a5c115) Importer(815301076,1909f56bfc062723c751e8b465ee728b)
Start importing Assets/Prefab/Tower Mage_Blue.prefab using Guid(05eaed44db6cc234aa320897c2a5c115) Importer(815301076,1909f56bfc062723c751e8b465ee728b)  -> (artifact id: '699d481b0801ccd331461a9d3a777d64') in 0.016498 seconds 
========================================================================
Received Import Request.
  Time since last request: 10.177610 seconds.
  path: Assets/Prefab/Tower Mage_Blue.prefab
  artifactKey: Guid(05eaed44db6cc234aa320897c2a5c115) Importer(815301076,1909f56bfc062723c751e8b465ee728b)
Start importing Assets/Prefab/Tower Mage_Blue.prefab using Guid(05eaed44db6cc234aa320897c2a5c115) Importer(815301076,1909f56bfc062723c751e8b465ee728b)  -> (artifact id: '4c35b4d078ee0fbdd433d6c28144a105') in 0.349105 seconds 
========================================================================
Received Import Request.
  Time since last request: 3.597377 seconds.
  path: Assets/Prefab/Tower Mage_Blue.prefab
  artifactKey: Guid(05eaed44db6cc234aa320897c2a5c115) Importer(815301076,1909f56bfc062723c751e8b465ee728b)
Start importing Assets/Prefab/Tower Mage_Blue.prefab using Guid(05eaed44db6cc234aa320897c2a5c115) Importer(815301076,1909f56bfc062723c751e8b465ee728b)  -> (artifact id: 'ed4333dc861530b3458cf354f8785e62') in 0.014970 seconds 
========================================================================
Received Import Request.
  Time since last request: 3.535893 seconds.
  path: Assets/Prefab/Tower Mage_Blue.prefab
  artifactKey: Guid(05eaed44db6cc234aa320897c2a5c115) Importer(815301076,1909f56bfc062723c751e8b465ee728b)
Start importing Assets/Prefab/Tower Mage_Blue.prefab using Guid(05eaed44db6cc234aa320897c2a5c115) Importer(815301076,1909f56bfc062723c751e8b465ee728b)  -> (artifact id: 'ec81094e7ca362bad1636d637ad1438a') in 0.014331 seconds 
========================================================================
Received Import Request.
  Time since last request: 1.703334 seconds.
  path: Assets/Prefab/Tower Mage_Blue.prefab
  artifactKey: Guid(05eaed44db6cc234aa320897c2a5c115) Importer(815301076,1909f56bfc062723c751e8b465ee728b)
Start importing Assets/Prefab/Tower Mage_Blue.prefab using Guid(05eaed44db6cc234aa320897c2a5c115) Importer(815301076,1909f56bfc062723c751e8b465ee728b)  -> (artifact id: '5ff224a8e3ef339ddebed42ce88760ad') in 0.014041 seconds 
========================================================================
Received Import Request.
  Time since last request: 4.870103 seconds.
  path: Assets/Prefab/Tower Mage_Blue.prefab
  artifactKey: Guid(05eaed44db6cc234aa320897c2a5c115) Importer(815301076,1909f56bfc062723c751e8b465ee728b)
Start importing Assets/Prefab/Tower Mage_Blue.prefab using Guid(05eaed44db6cc234aa320897c2a5c115) Importer(815301076,1909f56bfc062723c751e8b465ee728b)  -> (artifact id: '0d9750fff57d6bdcce7ceca9c315828c') in 0.359790 seconds 
========================================================================
Received Import Request.
  Time since last request: 8.161246 seconds.
  path: Assets/Prefab/Tower Mage_Blue.prefab
  artifactKey: Guid(05eaed44db6cc234aa320897c2a5c115) Importer(815301076,1909f56bfc062723c751e8b465ee728b)
Start importing Assets/Prefab/Tower Mage_Blue.prefab using Guid(05eaed44db6cc234aa320897c2a5c115) Importer(815301076,1909f56bfc062723c751e8b465ee728b)  -> (artifact id: '681862c8b7f9fb3d7af36f69287c05b4') in 0.014656 seconds 
========================================================================
Received Import Request.
  Time since last request: 1.757615 seconds.
  path: Assets/Prefab/Tower Mage_Blue.prefab
  artifactKey: Guid(05eaed44db6cc234aa320897c2a5c115) Importer(815301076,1909f56bfc062723c751e8b465ee728b)
Start importing Assets/Prefab/Tower Mage_Blue.prefab using Guid(05eaed44db6cc234aa320897c2a5c115) Importer(815301076,1909f56bfc062723c751e8b465ee728b)  -> (artifact id: '335d4c501d8260f3bf92a50d6f28457e') in 0.015485 seconds 
========================================================================
Received Import Request.
  Time since last request: 3.154478 seconds.
  path: Assets/Prefab/Tower Mage_Blue.prefab
  artifactKey: Guid(05eaed44db6cc234aa320897c2a5c115) Importer(815301076,1909f56bfc062723c751e8b465ee728b)
Start importing Assets/Prefab/Tower Mage_Blue.prefab using Guid(05eaed44db6cc234aa320897c2a5c115) Importer(815301076,1909f56bfc062723c751e8b465ee728b)  -> (artifact id: '5436dfce323780de3a1fec24412dbe90') in 0.371258 seconds 
========================================================================
Received Import Request.
  Time since last request: 5.054432 seconds.
  path: Assets/Prefab/Tower Mage_Blue.prefab
  artifactKey: Guid(05eaed44db6cc234aa320897c2a5c115) Importer(815301076,1909f56bfc062723c751e8b465ee728b)
Start importing Assets/Prefab/Tower Mage_Blue.prefab using Guid(05eaed44db6cc234aa320897c2a5c115) Importer(815301076,1909f56bfc062723c751e8b465ee728b)  -> (artifact id: 'b84af7febd12450708347ca9d096a372') in 0.017903 seconds 
========================================================================
Received Import Request.
  Time since last request: 8.365981 seconds.
  path: Assets/Prefab/Tower Mage_Blue.prefab
  artifactKey: Guid(05eaed44db6cc234aa320897c2a5c115) Importer(815301076,1909f56bfc062723c751e8b465ee728b)
Start importing Assets/Prefab/Tower Mage_Blue.prefab using Guid(05eaed44db6cc234aa320897c2a5c115) Importer(815301076,1909f56bfc062723c751e8b465ee728b)  -> (artifact id: '888552982d2c6869ae884f2109f5bb0d') in 0.012348 seconds 
========================================================================
Received Prepare
Registering precompiled user dll's ...
Registered in 0.002204 seconds.
Begin MonoManager ReloadAssembly
Native extension for WindowsStandalone target not found
Refreshing native plugins compatible for Editor in 0.52 ms, found 1 plugins.
Preloading 0 native plugins for Editor in 0.00 ms.
Mono: successfully reloaded assembly
- Completed reload, in  0.894 seconds
Platform modules already initialized, skipping
Refreshing native plugins compatible for Editor in 0.57 ms, found 1 plugins.
Preloading 0 native plugins for Editor in 0.00 ms.
Unloading 2698 Unused Serialized files (Serialized files now loaded: 0)
System memory in use before: 106.2 MB.
System memory in use after: 106.4 MB.

Unloading 10 unused Assets to reduce memory usage. Loaded Objects now: 3192.
Total: 2.231100 ms (FindLiveObjects: 0.344200 ms CreateObjectMapping: 0.157900 ms MarkObjects: 1.699100 ms  DeleteObjects: 0.028800 ms)

========================================================================
Received Import Request.
  Time since last request: 128.873151 seconds.
  path: Assets/Prefab/Tower Mage_Blue.prefab
  artifactKey: Guid(05eaed44db6cc234aa320897c2a5c115) Importer(815301076,1909f56bfc062723c751e8b465ee728b)
Start importing Assets/Prefab/Tower Mage_Blue.prefab using Guid(05eaed44db6cc234aa320897c2a5c115) Importer(815301076,1909f56bfc062723c751e8b465ee728b)  -> (artifact id: 'c8112a0364c898df8a298bb72f692646') in 0.090539 seconds 
========================================================================
Received Import Request.
  Time since last request: 8.836384 seconds.
  path: Assets/Prefab/Tower Mage_Blue.prefab
  artifactKey: Guid(05eaed44db6cc234aa320897c2a5c115) Importer(815301076,1909f56bfc062723c751e8b465ee728b)
Start importing Assets/Prefab/Tower Mage_Blue.prefab using Guid(05eaed44db6cc234aa320897c2a5c115) Importer(815301076,1909f56bfc062723c751e8b465ee728b)  -> (artifact id: '8ec9b57c07f68284bc298d5577e1ca1e') in 0.040378 seconds 
========================================================================
Received Import Request.
  Time since last request: 25.427875 seconds.
  path: Assets/Prefab/Tower Mage_Blue.prefab
  artifactKey: Guid(05eaed44db6cc234aa320897c2a5c115) Importer(815301076,1909f56bfc062723c751e8b465ee728b)
Start importing Assets/Prefab/Tower Mage_Blue.prefab using Guid(05eaed44db6cc234aa320897c2a5c115) Importer(815301076,1909f56bfc062723c751e8b465ee728b) The Animator Controller (TowerStates) you have used is not valid. Animations will not play
UnityEngine.StackTraceUtility:ExtractStackTrace ()
UnityEditor.EditorUtility:Internal_InstantiateRemoveAllNonAnimationComponentsSingle (UnityEngine.Object,UnityEngine.Vector3,UnityEngine.Quaternion)
UnityEditor.EditorUtility:InstantiateRemoveAllNonAnimationComponents (UnityEngine.Object,UnityEngine.Vector3,UnityEngine.Quaternion)
UnityEditor.EditorUtility:InstantiateForAnimatorPreview (UnityEngine.Object)
UnityEditor.GameObjectInspector/PreviewData:UpdateGameObject (UnityEngine.Object)
UnityEditor.GameObjectInspector/PreviewData:.ctor (UnityEngine.Object)
UnityEditor.GameObjectInspector:GetPreviewData ()
UnityEditor.GameObjectInspector:RenderStaticPreview (string,UnityEngine.Object[],int,int)
UnityEditor.AssetPreviewUpdater:CreatePreview (UnityEngine.Object,UnityEngine.Object[],string,int,int)
UnityEditor.AssetPreviewUpdater:CreatePreviewForAsset (UnityEngine.Object,UnityEngine.Object[],string)

[C:\buildslave\unity\build\Modules/Animation/Director/AnimatorControllerPlayable.cpp line 333]

The Animator Controller (TowerStates) you have used is not valid. Animations will not play
UnityEngine.StackTraceUtility:ExtractStackTrace ()
UnityEditor.EditorUtility:InitInstantiatedPreviewRecursive (UnityEngine.GameObject)
UnityEditor.EditorUtility:InstantiateForAnimatorPreview (UnityEngine.Object)
UnityEditor.GameObjectInspector/PreviewData:UpdateGameObject (UnityEngine.Object)
UnityEditor.GameObjectInspector/PreviewData:.ctor (UnityEngine.Object)
UnityEditor.GameObjectInspector:GetPreviewData ()
UnityEditor.GameObjectInspector:RenderStaticPreview (string,UnityEngine.Object[],int,int)
UnityEditor.AssetPreviewUpdater:CreatePreview (UnityEngine.Object,UnityEngine.Object[],string,int,int)
UnityEditor.AssetPreviewUpdater:CreatePreviewForAsset (UnityEngine.Object,UnityEngine.Object[],string)

[C:\buildslave\unity\build\Modules/Animation/Director/AnimatorControllerPlayable.cpp line 333]

 -> (artifact id: '792338673b578da2e6098950e8f31af1') in 0.039916 seconds 
AssetImportWorkerClient::OnTransportError - code=2 error=End of file
