Using pre-set license
Built from '2021.1/staging' branch; Version is '2021.1.6f1 (c0fade0cc7e9) revision 12647134'; Using compiler version '192528614'; Build Type 'Release'
OS: 'Windows 10 Home Single Language; OS build 19043.1288; Version 2009; 64bit' Language: 'en' Physical Memory: 16340 MB
BatchMode: 1, IsHumanControllingUs: 0, StartBugReporterOnCrash: 0, Is64bit: 1, IsPro: 0

 COMMAND LINE ARGUMENTS:
D:\Program Files (x86)\Unity Hub\Editor\2021.1.6f1\Editor\Unity.exe
-adb2
-batchMode
-noUpm
-name
AssetImportWorker3
-projectPath
D:/BoggzChrigz/Documents/DLS-CSB/4th Year/1ST TERM/GAMPROG3/MOBA REPOSITORY/gamprog3-moba/Gamprog3_MOBA
-logFile
Logs/AssetImportWorker3.log
-srvPort
55539
Successfully changed project path to: D:/BoggzChrigz/Documents/DLS-CSB/4th Year/1ST TERM/GAMPROG3/MOBA REPOSITORY/gamprog3-moba/Gamprog3_MOBA
D:/BoggzChrigz/Documents/DLS-CSB/4th Year/1ST TERM/GAMPROG3/MOBA REPOSITORY/gamprog3-moba/Gamprog3_MOBA
Using Asset Import Pipeline V2.
Refreshing native plugins compatible for Editor in 97.36 ms, found 1 plugins.
Preloading 0 native plugins for Editor in 0.00 ms.
Initialize engine version: 2021.1.6f1 (c0fade0cc7e9)
[Subsystems] Discovering subsystems at path D:/Program Files (x86)/Unity Hub/Editor/2021.1.6f1/Editor/Data/Resources/UnitySubsystems
[Subsystems] Discovering subsystems at path D:/BoggzChrigz/Documents/DLS-CSB/4th Year/1ST TERM/GAMPROG3/MOBA REPOSITORY/gamprog3-moba/Gamprog3_MOBA/Assets
GfxDevice: creating device client; threaded=0; jobified=0
Direct3D:
    Version:  Direct3D 11.0 [level 11.1]
    Renderer: NVIDIA GeForce GTX 1060 (ID=0x1c60)
    Vendor:   NVIDIA
    VRAM:     6052 MB
    Driver:   30.0.14.9613
Initialize mono
Mono path[0] = 'D:/Program Files (x86)/Unity Hub/Editor/2021.1.6f1/Editor/Data/Managed'
Mono path[1] = 'D:/Program Files (x86)/Unity Hub/Editor/2021.1.6f1/Editor/Data/MonoBleedingEdge/lib/mono/unityjit'
Mono config path = 'D:/Program Files (x86)/Unity Hub/Editor/2021.1.6f1/Editor/Data/MonoBleedingEdge/etc'
Using monoOptions --debugger-agent=transport=dt_socket,embedding=1,server=y,suspend=n,address=127.0.0.1:56980
Begin MonoManager ReloadAssembly
Registering precompiled unity dll's ...
Register platform support module: D:/Program Files (x86)/Unity Hub/Editor/2021.1.6f1/Editor/Data/PlaybackEngines/WindowsStandaloneSupport/UnityEditor.WindowsStandalone.Extensions.dll
Registered in 0.001263 seconds.
Native extension for WindowsStandalone target not found
Refreshing native plugins compatible for Editor in 104.94 ms, found 1 plugins.
Preloading 0 native plugins for Editor in 0.00 ms.
Mono: successfully reloaded assembly
- Completed reload, in  1.594 seconds
Platform modules already initialized, skipping
Registering precompiled user dll's ...
Registered in 0.002881 seconds.
Begin MonoManager ReloadAssembly
Native extension for WindowsStandalone target not found
Refreshing native plugins compatible for Editor in 0.71 ms, found 1 plugins.
Preloading 0 native plugins for Editor in 0.00 ms.
Mono: successfully reloaded assembly
- Completed reload, in  1.877 seconds
Platform modules already initialized, skipping
========================================================================
Worker process is ready to serve import requests
Launched and connected shader compiler UnityShaderCompiler.exe after 0.20 seconds
Refreshing native plugins compatible for Editor in 0.82 ms, found 1 plugins.
Preloading 0 native plugins for Editor in 0.00 ms.
Unloading 2730 Unused Serialized files (Serialized files now loaded: 0)
System memory in use before: 106.0 MB.
System memory in use after: 106.2 MB.

Unloading 14 unused Assets to reduce memory usage. Loaded Objects now: 3190.
Total: 2.938100 ms (FindLiveObjects: 0.278900 ms CreateObjectMapping: 0.168400 ms MarkObjects: 2.323300 ms  DeleteObjects: 0.166400 ms)

========================================================================
Received Import Request.
  path: Assets/Scripts/Unit Scripts/ManaComponent.cs
  artifactKey: Guid(89e13194d3bfcac439f61cd62b5e9b7b) Importer(815301076,1909f56bfc062723c751e8b465ee728b)
Start importing Assets/Scripts/Unit Scripts/ManaComponent.cs using Guid(89e13194d3bfcac439f61cd62b5e9b7b) Importer(815301076,1909f56bfc062723c751e8b465ee728b)  -> (artifact id: '4bcc0125e57b9635eff4a500e620c5e3') in 0.086906 seconds 
========================================================================
Received Import Request.
  Time since last request: 0.000381 seconds.
  path: Assets/Scripts/Unit Scripts
  artifactKey: Guid(c7bb1be87382bf443905988227aca839) Importer(815301076,1909f56bfc062723c751e8b465ee728b)
Start importing Assets/Scripts/Unit Scripts using Guid(c7bb1be87382bf443905988227aca839) Importer(815301076,1909f56bfc062723c751e8b465ee728b)  -> (artifact id: 'd20eda4d0f67f715ae53b6e9a6a43424') in 0.047679 seconds 
========================================================================
Received Import Request.
  Time since last request: 2578.124506 seconds.
  path: Assets/Scripts/Unit Scripts/ManaComponent.cs
  artifactKey: Guid(89e13194d3bfcac439f61cd62b5e9b7b) Importer(815301076,1909f56bfc062723c751e8b465ee728b)
Start importing Assets/Scripts/Unit Scripts/ManaComponent.cs using Guid(89e13194d3bfcac439f61cd62b5e9b7b) Importer(815301076,1909f56bfc062723c751e8b465ee728b)  -> (artifact id: 'aedf030ad6ed9c2c1c429cc6f57e70c8') in 0.351492 seconds 
========================================================================
Received Import Request.
  Time since last request: 1257.205097 seconds.
  path: Assets/Scripts/Unit Scripts/Skill.cs
  artifactKey: Guid(8cfdfb448d886a142a9d42acbedd6cb2) Importer(815301076,1909f56bfc062723c751e8b465ee728b)
Start importing Assets/Scripts/Unit Scripts/Skill.cs using Guid(8cfdfb448d886a142a9d42acbedd6cb2) Importer(815301076,1909f56bfc062723c751e8b465ee728b)  -> (artifact id: 'b9259c5faa3c21bd10f1598c73480f46') in 0.048671 seconds 
========================================================================
Received Import Request.
  Time since last request: 55.420345 seconds.
  path: Assets/Scripts/Unit Scripts/Skill.cs
  artifactKey: Guid(8cfdfb448d886a142a9d42acbedd6cb2) Importer(815301076,1909f56bfc062723c751e8b465ee728b)
Start importing Assets/Scripts/Unit Scripts/Skill.cs using Guid(8cfdfb448d886a142a9d42acbedd6cb2) Importer(815301076,1909f56bfc062723c751e8b465ee728b)  -> (artifact id: '1b24befa14ee0472e09ba7dbfddfd734') in 0.003433 seconds 
========================================================================
Received Import Request.
  Time since last request: 14.583691 seconds.
  path: Assets/Scripts/TowerComponent.cs
  artifactKey: Guid(0c405f36fcb430341989b3e6a8669245) Importer(815301076,1909f56bfc062723c751e8b465ee728b)
Start importing Assets/Scripts/TowerComponent.cs using Guid(0c405f36fcb430341989b3e6a8669245) Importer(815301076,1909f56bfc062723c751e8b465ee728b)  -> (artifact id: '5039dac73ead2affaf9fe5666086cf9d') in 0.036369 seconds 
========================================================================
Received Import Request.
  Time since last request: 6.736839 seconds.
  path: Assets/Scripts/ReceiversScript/DamageReceiver.cs
  artifactKey: Guid(1369703838fb32c45b7bde42ee8fa02d) Importer(815301076,1909f56bfc062723c751e8b465ee728b)
Start importing Assets/Scripts/ReceiversScript/DamageReceiver.cs using Guid(1369703838fb32c45b7bde42ee8fa02d) Importer(815301076,1909f56bfc062723c751e8b465ee728b)  -> (artifact id: 'cd4659184ec7fc68310c2aa33ecd672d') in 0.089924 seconds 
========================================================================
Received Import Request.
  Time since last request: 40.988826 seconds.
  path: Assets/Scripts/ReceiversScript/DamageReceiver.cs
  artifactKey: Guid(1369703838fb32c45b7bde42ee8fa02d) Importer(815301076,1909f56bfc062723c751e8b465ee728b)
Start importing Assets/Scripts/ReceiversScript/DamageReceiver.cs using Guid(1369703838fb32c45b7bde42ee8fa02d) Importer(815301076,1909f56bfc062723c751e8b465ee728b)  -> (artifact id: 'bcfa0fc4d66bc25ab45d4114fb353d0d') in 0.108909 seconds 
========================================================================
Received Import Request.
  Time since last request: 12.918244 seconds.
  path: Assets/Scripts/ReceiversScript/DamageReceiver.cs
  artifactKey: Guid(1369703838fb32c45b7bde42ee8fa02d) Importer(815301076,1909f56bfc062723c751e8b465ee728b)
Start importing Assets/Scripts/ReceiversScript/DamageReceiver.cs using Guid(1369703838fb32c45b7bde42ee8fa02d) Importer(815301076,1909f56bfc062723c751e8b465ee728b)  -> (artifact id: '0c2fbf297b644c53811d62c7bd8ee8c7') in 0.002888 seconds 
AssetImportWorkerClient::OnTransportError - code=2 error=End of file
