Using pre-set license
Built from '2021.1/staging' branch; Version is '2021.1.6f1 (c0fade0cc7e9) revision 12647134'; Using compiler version '192528614'; Build Type 'Release'
OS: 'Windows 10 Home; OS build 19042.1288; Version 2009; 64bit' Language: 'en' Physical Memory: 16229 MB
BatchMode: 1, IsHumanControllingUs: 0, StartBugReporterOnCrash: 0, Is64bit: 1, IsPro: 0

 COMMAND LINE ARGUMENTS:
C:\Program Files\Unity\Editor\2021.1.6f1\Editor\Unity.exe
-adb2
-batchMode
-noUpm
-name
AssetImportWorker0
-projectPath
D:/Gamprog3_Repo/Gamprog3_MOBA
-logFile
Logs/AssetImportWorker0.log
-srvPort
60456
Successfully changed project path to: D:/Gamprog3_Repo/Gamprog3_MOBA
D:/Gamprog3_Repo/Gamprog3_MOBA
Using Asset Import Pipeline V2.
Refreshing native plugins compatible for Editor in 86.99 ms, found 1 plugins.
Preloading 0 native plugins for Editor in 0.00 ms.
Initialize engine version: 2021.1.6f1 (c0fade0cc7e9)
[Subsystems] Discovering subsystems at path C:/Program Files/Unity/Editor/2021.1.6f1/Editor/Data/Resources/UnitySubsystems
[Subsystems] Discovering subsystems at path D:/Gamprog3_Repo/Gamprog3_MOBA/Assets
GfxDevice: creating device client; threaded=0; jobified=0
Direct3D:
    Version:  Direct3D 11.0 [level 11.1]
    Renderer: NVIDIA GeForce GTX 1070 (ID=0x1ba1)
    Vendor:   NVIDIA
    VRAM:     8081 MB
    Driver:   30.0.14.9649
Initialize mono
Mono path[0] = 'C:/Program Files/Unity/Editor/2021.1.6f1/Editor/Data/Managed'
Mono path[1] = 'C:/Program Files/Unity/Editor/2021.1.6f1/Editor/Data/MonoBleedingEdge/lib/mono/unityjit'
Mono config path = 'C:/Program Files/Unity/Editor/2021.1.6f1/Editor/Data/MonoBleedingEdge/etc'
Using monoOptions --debugger-agent=transport=dt_socket,embedding=1,server=y,suspend=n,address=127.0.0.1:56160
Begin MonoManager ReloadAssembly
Registering precompiled unity dll's ...
Register platform support module: C:/Program Files/Unity/Editor/2021.1.6f1/Editor/Data/PlaybackEngines/WindowsStandaloneSupport/UnityEditor.WindowsStandalone.Extensions.dll
Registered in 0.002213 seconds.
Native extension for WindowsStandalone target not found
Refreshing native plugins compatible for Editor in 83.24 ms, found 1 plugins.
Preloading 0 native plugins for Editor in 0.00 ms.
Mono: successfully reloaded assembly
- Completed reload, in  1.451 seconds
Platform modules already initialized, skipping
Registering precompiled user dll's ...
Registered in 0.002321 seconds.
Begin MonoManager ReloadAssembly
Native extension for WindowsStandalone target not found
Refreshing native plugins compatible for Editor in 0.54 ms, found 1 plugins.
Preloading 0 native plugins for Editor in 0.00 ms.
Mono: successfully reloaded assembly
- Completed reload, in  0.999 seconds
Platform modules already initialized, skipping
========================================================================
Worker process is ready to serve import requests
Launched and connected shader compiler UnityShaderCompiler.exe after 0.07 seconds
Refreshing native plugins compatible for Editor in 0.49 ms, found 1 plugins.
Preloading 0 native plugins for Editor in 0.00 ms.
Unloading 2717 Unused Serialized files (Serialized files now loaded: 0)
System memory in use before: 103.9 MB.
System memory in use after: 104.1 MB.

Unloading 14 unused Assets to reduce memory usage. Loaded Objects now: 3180.
Total: 2.438400 ms (FindLiveObjects: 0.289000 ms CreateObjectMapping: 0.156300 ms MarkObjects: 1.888000 ms  DeleteObjects: 0.103600 ms)

========================================================================
Received Import Request.
  path: Assets/Scripts/CreepsScript/DetectTarget.cs
  artifactKey: Guid(8c5d749205ddb434fb314cfe05e68c42) Importer(815301076,1909f56bfc062723c751e8b465ee728b)
Start importing Assets/Scripts/CreepsScript/DetectTarget.cs using Guid(8c5d749205ddb434fb314cfe05e68c42) Importer(815301076,1909f56bfc062723c751e8b465ee728b)  -> (artifact id: 'e84408e416188fc82b81f09b5e401197') in 0.132225 seconds 
========================================================================
Received Import Request.
  Time since last request: 12.466374 seconds.
  path: Assets/Prefab/Tower Mage_Blue.prefab
  artifactKey: Guid(05eaed44db6cc234aa320897c2a5c115) Importer(815301076,1909f56bfc062723c751e8b465ee728b)
Start importing Assets/Prefab/Tower Mage_Blue.prefab using Guid(05eaed44db6cc234aa320897c2a5c115) Importer(815301076,1909f56bfc062723c751e8b465ee728b)  -> (artifact id: '8d51f66470708379bf32a7956516f299') in 0.131201 seconds 
========================================================================
Received Import Request.
  Time since last request: 20.369394 seconds.
  path: Assets/Prefab/Tower Mage_Blue.prefab
  artifactKey: Guid(05eaed44db6cc234aa320897c2a5c115) Importer(815301076,1909f56bfc062723c751e8b465ee728b)
Start importing Assets/Prefab/Tower Mage_Blue.prefab using Guid(05eaed44db6cc234aa320897c2a5c115) Importer(815301076,1909f56bfc062723c751e8b465ee728b)  -> (artifact id: '75dc7bf55233fdfa9e0983786693a5f1') in 0.041707 seconds 
========================================================================
Received Import Request.
  Time since last request: 53.083716 seconds.
  path: Assets/Prefab/Tower Mage_Blue.prefab
  artifactKey: Guid(05eaed44db6cc234aa320897c2a5c115) Importer(815301076,1909f56bfc062723c751e8b465ee728b)
Start importing Assets/Prefab/Tower Mage_Blue.prefab using Guid(05eaed44db6cc234aa320897c2a5c115) Importer(815301076,1909f56bfc062723c751e8b465ee728b)  -> (artifact id: '020158420500e1b12d7eef125608672a') in 0.020084 seconds 
========================================================================
Received Import Request.
  Time since last request: 2.235810 seconds.
  path: Assets/Prefab/Tower Mage_Blue.prefab
  artifactKey: Guid(05eaed44db6cc234aa320897c2a5c115) Importer(815301076,1909f56bfc062723c751e8b465ee728b)
Start importing Assets/Prefab/Tower Mage_Blue.prefab using Guid(05eaed44db6cc234aa320897c2a5c115) Importer(815301076,1909f56bfc062723c751e8b465ee728b)  -> (artifact id: 'd0dc2f4c88c7cf55012ac165ccf1fd1e') in 0.705706 seconds 
========================================================================
Received Import Request.
  Time since last request: 35.075559 seconds.
  path: Assets/Prefab/Tower Mage_Blue.prefab
  artifactKey: Guid(05eaed44db6cc234aa320897c2a5c115) Importer(815301076,1909f56bfc062723c751e8b465ee728b)
Start importing Assets/Prefab/Tower Mage_Blue.prefab using Guid(05eaed44db6cc234aa320897c2a5c115) Importer(815301076,1909f56bfc062723c751e8b465ee728b)  -> (artifact id: 'dcd2d32689f5ed6a89a9ec819eb1b7c2') in 0.020397 seconds 
========================================================================
Received Import Request.
  Time since last request: 29.875597 seconds.
  path: Assets/Prefab/Tower Mage_Blue.prefab
  artifactKey: Guid(05eaed44db6cc234aa320897c2a5c115) Importer(815301076,1909f56bfc062723c751e8b465ee728b)
Start importing Assets/Prefab/Tower Mage_Blue.prefab using Guid(05eaed44db6cc234aa320897c2a5c115) Importer(815301076,1909f56bfc062723c751e8b465ee728b)  -> (artifact id: 'c3e58ed57810dba515ef561192ac1a1d') in 0.015383 seconds 
========================================================================
Received Import Request.
  Time since last request: 290.434677 seconds.
  path: Assets/Prefab/Tower Mage_Blue.prefab
  artifactKey: Guid(05eaed44db6cc234aa320897c2a5c115) Importer(815301076,1909f56bfc062723c751e8b465ee728b)
Start importing Assets/Prefab/Tower Mage_Blue.prefab using Guid(05eaed44db6cc234aa320897c2a5c115) Importer(815301076,1909f56bfc062723c751e8b465ee728b)  -> (artifact id: 'd030eaa28ad4117d62e7275afd029483') in 0.364501 seconds 
========================================================================
Received Import Request.
  Time since last request: 0.325640 seconds.
  path: Assets/Prefab/Tower Mage_Blue.prefab
  artifactKey: Guid(05eaed44db6cc234aa320897c2a5c115) Importer(815301076,1909f56bfc062723c751e8b465ee728b)
Start importing Assets/Prefab/Tower Mage_Blue.prefab using Guid(05eaed44db6cc234aa320897c2a5c115) Importer(815301076,1909f56bfc062723c751e8b465ee728b)  -> (artifact id: '088e5660b78c4057ea417321cb1a3d0d') in 0.013800 seconds 
========================================================================
Received Import Request.
  Time since last request: 7.106255 seconds.
  path: Assets/Prefab/Tower Mage_Blue.prefab
  artifactKey: Guid(05eaed44db6cc234aa320897c2a5c115) Importer(815301076,1909f56bfc062723c751e8b465ee728b)
Start importing Assets/Prefab/Tower Mage_Blue.prefab using Guid(05eaed44db6cc234aa320897c2a5c115) Importer(815301076,1909f56bfc062723c751e8b465ee728b)  -> (artifact id: '980da92c71bd393670dd757144e6aff9') in 0.613287 seconds 
========================================================================
Received Prepare
Registering precompiled user dll's ...
Registered in 0.002189 seconds.
Begin MonoManager ReloadAssembly
Native extension for WindowsStandalone target not found
Refreshing native plugins compatible for Editor in 0.56 ms, found 1 plugins.
Preloading 0 native plugins for Editor in 0.00 ms.
Mono: successfully reloaded assembly
- Completed reload, in  0.963 seconds
Platform modules already initialized, skipping
Refreshing native plugins compatible for Editor in 0.90 ms, found 1 plugins.
Preloading 0 native plugins for Editor in 0.00 ms.
Unloading 2698 Unused Serialized files (Serialized files now loaded: 0)
System memory in use before: 106.2 MB.
System memory in use after: 106.4 MB.

Unloading 9 unused Assets to reduce memory usage. Loaded Objects now: 3191.
Total: 2.244500 ms (FindLiveObjects: 0.229500 ms CreateObjectMapping: 0.128500 ms MarkObjects: 1.870300 ms  DeleteObjects: 0.015400 ms)

========================================================================
Received Prepare
Registering precompiled user dll's ...
Registered in 0.002733 seconds.
Begin MonoManager ReloadAssembly
Native extension for WindowsStandalone target not found
Refreshing native plugins compatible for Editor in 0.59 ms, found 1 plugins.
Preloading 0 native plugins for Editor in 0.00 ms.
Mono: successfully reloaded assembly
- Completed reload, in  1.044 seconds
Platform modules already initialized, skipping
Refreshing native plugins compatible for Editor in 0.63 ms, found 1 plugins.
Preloading 0 native plugins for Editor in 0.00 ms.
Unloading 2698 Unused Serialized files (Serialized files now loaded: 0)
System memory in use before: 106.2 MB.
System memory in use after: 106.4 MB.

Unloading 9 unused Assets to reduce memory usage. Loaded Objects now: 3194.
Total: 2.356800 ms (FindLiveObjects: 0.224400 ms CreateObjectMapping: 0.112400 ms MarkObjects: 1.996300 ms  DeleteObjects: 0.022400 ms)

========================================================================
Received Prepare
Registering precompiled user dll's ...
Registered in 0.002491 seconds.
Begin MonoManager ReloadAssembly
Native extension for WindowsStandalone target not found
Refreshing native plugins compatible for Editor in 0.58 ms, found 1 plugins.
Preloading 0 native plugins for Editor in 0.00 ms.
Mono: successfully reloaded assembly
- Completed reload, in  0.988 seconds
Platform modules already initialized, skipping
Refreshing native plugins compatible for Editor in 0.55 ms, found 1 plugins.
Preloading 0 native plugins for Editor in 0.00 ms.
Unloading 2698 Unused Serialized files (Serialized files now loaded: 0)
System memory in use before: 106.2 MB.
System memory in use after: 106.4 MB.

Unloading 9 unused Assets to reduce memory usage. Loaded Objects now: 3197.
Total: 2.411800 ms (FindLiveObjects: 0.258800 ms CreateObjectMapping: 0.144800 ms MarkObjects: 1.985700 ms  DeleteObjects: 0.020800 ms)

========================================================================
Received Import Request.
  Time since last request: 605.646087 seconds.
  path: Assets/Prefab/Tower Mage_Blue.prefab
  artifactKey: Guid(05eaed44db6cc234aa320897c2a5c115) Importer(815301076,1909f56bfc062723c751e8b465ee728b)
Start importing Assets/Prefab/Tower Mage_Blue.prefab using Guid(05eaed44db6cc234aa320897c2a5c115) Importer(815301076,1909f56bfc062723c751e8b465ee728b)  -> (artifact id: '9f4a1528722573b1aa2cf7ae215a9471') in 0.100557 seconds 
========================================================================
Received Prepare
Registering precompiled user dll's ...
Registered in 0.002677 seconds.
Begin MonoManager ReloadAssembly
Native extension for WindowsStandalone target not found
Refreshing native plugins compatible for Editor in 0.62 ms, found 1 plugins.
Preloading 0 native plugins for Editor in 0.00 ms.
Mono: successfully reloaded assembly
- Completed reload, in  1.123 seconds
Platform modules already initialized, skipping
Refreshing native plugins compatible for Editor in 0.65 ms, found 1 plugins.
Preloading 0 native plugins for Editor in 0.00 ms.
Unloading 2698 Unused Serialized files (Serialized files now loaded: 0)
System memory in use before: 106.3 MB.
System memory in use after: 106.5 MB.

Unloading 9 unused Assets to reduce memory usage. Loaded Objects now: 3201.
Total: 2.367300 ms (FindLiveObjects: 0.235900 ms CreateObjectMapping: 0.148900 ms MarkObjects: 1.962300 ms  DeleteObjects: 0.019100 ms)

========================================================================
Received Prepare
Registering precompiled user dll's ...
Registered in 0.002646 seconds.
Begin MonoManager ReloadAssembly
Native extension for WindowsStandalone target not found
Refreshing native plugins compatible for Editor in 0.57 ms, found 1 plugins.
Preloading 0 native plugins for Editor in 0.00 ms.
Mono: successfully reloaded assembly
- Completed reload, in  1.147 seconds
Platform modules already initialized, skipping
Refreshing native plugins compatible for Editor in 0.72 ms, found 1 plugins.
Preloading 0 native plugins for Editor in 0.00 ms.
Unloading 2698 Unused Serialized files (Serialized files now loaded: 0)
System memory in use before: 106.3 MB.
System memory in use after: 106.5 MB.

Unloading 9 unused Assets to reduce memory usage. Loaded Objects now: 3204.
Total: 2.345200 ms (FindLiveObjects: 0.229700 ms CreateObjectMapping: 0.127000 ms MarkObjects: 1.971800 ms  DeleteObjects: 0.015700 ms)

AssetImportWorkerClient::OnTransportError - code=2 error=End of file
