Using pre-set license
Built from '2021.1/staging' branch; Version is '2021.1.6f1 (c0fade0cc7e9) revision 12647134'; Using compiler version '192528614'; Build Type 'Release'
OS: 'Windows 10 Home; OS build 19042.1348; Version 2009; 64bit' Language: 'en' Physical Memory: 16229 MB
BatchMode: 1, IsHumanControllingUs: 0, StartBugReporterOnCrash: 0, Is64bit: 1, IsPro: 0

 COMMAND LINE ARGUMENTS:
C:\Program Files\Unity\Editor\2021.1.6f1\Editor\Unity.exe
-adb2
-batchMode
-noUpm
-name
AssetImportWorker1
-projectPath
D:/Gamprog3_Repo/Gamprog3_MOBA
-logFile
Logs/AssetImportWorker1.log
-srvPort
64323
Successfully changed project path to: D:/Gamprog3_Repo/Gamprog3_MOBA
D:/Gamprog3_Repo/Gamprog3_MOBA
Using Asset Import Pipeline V2.
Refreshing native plugins compatible for Editor in 102.49 ms, found 1 plugins.
Preloading 0 native plugins for Editor in 0.00 ms.
Initialize engine version: 2021.1.6f1 (c0fade0cc7e9)
[Subsystems] Discovering subsystems at path C:/Program Files/Unity/Editor/2021.1.6f1/Editor/Data/Resources/UnitySubsystems
[Subsystems] Discovering subsystems at path D:/Gamprog3_Repo/Gamprog3_MOBA/Assets
GfxDevice: creating device client; threaded=0; jobified=0
Direct3D:
    Version:  Direct3D 11.0 [level 11.1]
    Renderer: NVIDIA GeForce GTX 1070 (ID=0x1ba1)
    Vendor:   NVIDIA
    VRAM:     8081 MB
    Driver:   30.0.14.9649
Initialize mono
Mono path[0] = 'C:/Program Files/Unity/Editor/2021.1.6f1/Editor/Data/Managed'
Mono path[1] = 'C:/Program Files/Unity/Editor/2021.1.6f1/Editor/Data/MonoBleedingEdge/lib/mono/unityjit'
Mono config path = 'C:/Program Files/Unity/Editor/2021.1.6f1/Editor/Data/MonoBleedingEdge/etc'
Using monoOptions --debugger-agent=transport=dt_socket,embedding=1,server=y,suspend=n,address=127.0.0.1:56460
Begin MonoManager ReloadAssembly
Registering precompiled unity dll's ...
Register platform support module: C:/Program Files/Unity/Editor/2021.1.6f1/Editor/Data/PlaybackEngines/WindowsStandaloneSupport/UnityEditor.WindowsStandalone.Extensions.dll
Registered in 0.002269 seconds.
Native extension for WindowsStandalone target not found
Refreshing native plugins compatible for Editor in 96.88 ms, found 1 plugins.
Preloading 0 native plugins for Editor in 0.00 ms.
Mono: successfully reloaded assembly
- Completed reload, in  1.648 seconds
Platform modules already initialized, skipping
Registering precompiled user dll's ...
Registered in 0.003859 seconds.
Begin MonoManager ReloadAssembly
Native extension for WindowsStandalone target not found
Refreshing native plugins compatible for Editor in 0.66 ms, found 1 plugins.
Preloading 0 native plugins for Editor in 0.00 ms.
Mono: successfully reloaded assembly
- Completed reload, in  2.619 seconds
Platform modules already initialized, skipping
========================================================================
Worker process is ready to serve import requests
Launched and connected shader compiler UnityShaderCompiler.exe after 0.08 seconds
Refreshing native plugins compatible for Editor in 0.57 ms, found 1 plugins.
Preloading 0 native plugins for Editor in 0.00 ms.
Unloading 2758 Unused Serialized files (Serialized files now loaded: 0)
System memory in use before: 107.4 MB.
System memory in use after: 107.6 MB.

Unloading 16 unused Assets to reduce memory usage. Loaded Objects now: 3224.
Total: 2.701300 ms (FindLiveObjects: 0.270300 ms CreateObjectMapping: 0.342100 ms MarkObjects: 1.982500 ms  DeleteObjects: 0.105300 ms)

========================================================================
Received Import Request.
  path: Assets/Audio/the-mandalorian-theme-lofi-hiphop-mix-star-wars-lofi_iMk1C8n8.mp3
  artifactKey: Guid(657d227f4d8c74f48a5a9796d43a0b75) Importer(815301076,1909f56bfc062723c751e8b465ee728b)
Start importing Assets/Audio/the-mandalorian-theme-lofi-hiphop-mix-star-wars-lofi_iMk1C8n8.mp3 using Guid(657d227f4d8c74f48a5a9796d43a0b75) Importer(815301076,1909f56bfc062723c751e8b465ee728b)  -> (artifact id: '64faeb90c7f9bb42662b7e88e7e3c62a') in 0.183019 seconds 
========================================================================
Received Import Request.
  Time since last request: 239.336501 seconds.
  path: Assets/Scripts/AudioScripts
  artifactKey: Guid(c39cde3d4f09022408fec5a4b45111f5) Importer(815301076,1909f56bfc062723c751e8b465ee728b)
Start importing Assets/Scripts/AudioScripts using Guid(c39cde3d4f09022408fec5a4b45111f5) Importer(815301076,1909f56bfc062723c751e8b465ee728b)  -> (artifact id: 'bf4b730c8f68c24b4f736ac64cb18750') in 0.001676 seconds 
========================================================================
Received Import Request.
  Time since last request: 7.765760 seconds.
  path: Assets/Scripts/AudioScripts/BGM.cs
  artifactKey: Guid(9c2e77b6f6bbcdf4b83383255b450dbb) Importer(815301076,1909f56bfc062723c751e8b465ee728b)
Start importing Assets/Scripts/AudioScripts/BGM.cs using Guid(9c2e77b6f6bbcdf4b83383255b450dbb) Importer(815301076,1909f56bfc062723c751e8b465ee728b)  -> (artifact id: 'abb5e23aff7c3a485a0af882316c5d61') in 0.010940 seconds 
========================================================================
Received Prepare
Registering precompiled user dll's ...
Registered in 0.005460 seconds.
Begin MonoManager ReloadAssembly
Native extension for WindowsStandalone target not found
Refreshing native plugins compatible for Editor in 0.61 ms, found 1 plugins.
Preloading 0 native plugins for Editor in 0.00 ms.
Mono: successfully reloaded assembly
- Completed reload, in  1.277 seconds
Platform modules already initialized, skipping
Refreshing native plugins compatible for Editor in 0.61 ms, found 1 plugins.
Preloading 0 native plugins for Editor in 0.00 ms.
Unloading 2740 Unused Serialized files (Serialized files now loaded: 0)
System memory in use before: 109.6 MB.
System memory in use after: 109.8 MB.

Unloading 11 unused Assets to reduce memory usage. Loaded Objects now: 3237.
Total: 2.991000 ms (FindLiveObjects: 0.369700 ms CreateObjectMapping: 0.184700 ms MarkObjects: 2.405500 ms  DeleteObjects: 0.029600 ms)

========================================================================
Received Prepare
Registering precompiled user dll's ...
Registered in 0.002839 seconds.
Begin MonoManager ReloadAssembly
Native extension for WindowsStandalone target not found
Refreshing native plugins compatible for Editor in 0.54 ms, found 1 plugins.
Preloading 0 native plugins for Editor in 0.00 ms.
Mono: successfully reloaded assembly
- Completed reload, in  0.986 seconds
Platform modules already initialized, skipping
Refreshing native plugins compatible for Editor in 0.62 ms, found 1 plugins.
Preloading 0 native plugins for Editor in 0.00 ms.
Unloading 2740 Unused Serialized files (Serialized files now loaded: 0)
System memory in use before: 109.7 MB.
System memory in use after: 109.9 MB.

Unloading 11 unused Assets to reduce memory usage. Loaded Objects now: 3240.
Total: 2.460200 ms (FindLiveObjects: 0.255600 ms CreateObjectMapping: 0.172700 ms MarkObjects: 2.012600 ms  DeleteObjects: 0.017600 ms)

========================================================================
Received Import Request.
  Time since last request: 215.009601 seconds.
  path: Assets/Scripts/AudioScripts/BGM.cs
  artifactKey: Guid(9c2e77b6f6bbcdf4b83383255b450dbb) Importer(815301076,1909f56bfc062723c751e8b465ee728b)
Start importing Assets/Scripts/AudioScripts/BGM.cs using Guid(9c2e77b6f6bbcdf4b83383255b450dbb) Importer(815301076,1909f56bfc062723c751e8b465ee728b)  -> (artifact id: '1ec416b7def73eceba0a1e1b62fec6d8') in 0.004072 seconds 
========================================================================
Received Import Request.
  Time since last request: 7.377480 seconds.
  path: Assets/Scripts/AudioScripts/AudioManager.cs
  artifactKey: Guid(2d95792be07de6e4ea83c31db2b6ef80) Importer(815301076,1909f56bfc062723c751e8b465ee728b)
Start importing Assets/Scripts/AudioScripts/AudioManager.cs using Guid(2d95792be07de6e4ea83c31db2b6ef80) Importer(815301076,1909f56bfc062723c751e8b465ee728b)  -> (artifact id: '6621009c6560e7ef677a644576ddad31') in 0.002341 seconds 
========================================================================
Received Prepare
Registering precompiled user dll's ...
Registered in 0.003293 seconds.
Begin MonoManager ReloadAssembly
Native extension for WindowsStandalone target not found
Refreshing native plugins compatible for Editor in 0.54 ms, found 1 plugins.
Preloading 0 native plugins for Editor in 0.00 ms.
Mono: successfully reloaded assembly
- Completed reload, in  1.271 seconds
Platform modules already initialized, skipping
Refreshing native plugins compatible for Editor in 0.86 ms, found 1 plugins.
Preloading 0 native plugins for Editor in 0.00 ms.
Unloading 2741 Unused Serialized files (Serialized files now loaded: 0)
System memory in use before: 109.7 MB.
System memory in use after: 109.9 MB.

Unloading 11 unused Assets to reduce memory usage. Loaded Objects now: 3244.
Total: 6.434100 ms (FindLiveObjects: 0.973800 ms CreateObjectMapping: 1.057100 ms MarkObjects: 4.382500 ms  DeleteObjects: 0.018000 ms)

========================================================================
Received Prepare
Registering precompiled user dll's ...
Registered in 0.002828 seconds.
Begin MonoManager ReloadAssembly
Native extension for WindowsStandalone target not found
Refreshing native plugins compatible for Editor in 0.52 ms, found 1 plugins.
Preloading 0 native plugins for Editor in 0.00 ms.
Mono: successfully reloaded assembly
- Completed reload, in  0.900 seconds
Platform modules already initialized, skipping
Refreshing native plugins compatible for Editor in 0.55 ms, found 1 plugins.
Preloading 0 native plugins for Editor in 0.00 ms.
Unloading 2741 Unused Serialized files (Serialized files now loaded: 0)
System memory in use before: 109.7 MB.
System memory in use after: 109.9 MB.

Unloading 11 unused Assets to reduce memory usage. Loaded Objects now: 3247.
Total: 2.058700 ms (FindLiveObjects: 0.218800 ms CreateObjectMapping: 0.103100 ms MarkObjects: 1.720800 ms  DeleteObjects: 0.015200 ms)

========================================================================
Received Import Request.
  Time since last request: 124.802784 seconds.
  path: Assets/Scripts/AudioScripts/AudioManager.cs
  artifactKey: Guid(2d95792be07de6e4ea83c31db2b6ef80) Importer(815301076,1909f56bfc062723c751e8b465ee728b)
Start importing Assets/Scripts/AudioScripts/AudioManager.cs using Guid(2d95792be07de6e4ea83c31db2b6ef80) Importer(815301076,1909f56bfc062723c751e8b465ee728b)  -> (artifact id: '7414f576997746f610a1f72cc71e9eeb') in 0.004050 seconds 
========================================================================
Received Prepare
Registering precompiled user dll's ...
Registered in 0.002841 seconds.
Begin MonoManager ReloadAssembly
Native extension for WindowsStandalone target not found
Refreshing native plugins compatible for Editor in 0.55 ms, found 1 plugins.
Preloading 0 native plugins for Editor in 0.00 ms.
Mono: successfully reloaded assembly
- Completed reload, in  0.902 seconds
Platform modules already initialized, skipping
Refreshing native plugins compatible for Editor in 1.00 ms, found 1 plugins.
Preloading 0 native plugins for Editor in 0.00 ms.
Unloading 2741 Unused Serialized files (Serialized files now loaded: 0)
System memory in use before: 109.8 MB.
System memory in use after: 110.1 MB.

Unloading 11 unused Assets to reduce memory usage. Loaded Objects now: 3250.
Total: 1.901700 ms (FindLiveObjects: 0.204000 ms CreateObjectMapping: 0.119900 ms MarkObjects: 1.563100 ms  DeleteObjects: 0.013900 ms)

========================================================================
Received Prepare
Registering precompiled user dll's ...
Registered in 0.003243 seconds.
Begin MonoManager ReloadAssembly
Native extension for WindowsStandalone target not found
Refreshing native plugins compatible for Editor in 0.55 ms, found 1 plugins.
Preloading 0 native plugins for Editor in 0.00 ms.
Mono: successfully reloaded assembly
- Completed reload, in  0.899 seconds
Platform modules already initialized, skipping
Refreshing native plugins compatible for Editor in 0.61 ms, found 1 plugins.
Preloading 0 native plugins for Editor in 0.00 ms.
Unloading 2741 Unused Serialized files (Serialized files now loaded: 0)
System memory in use before: 109.8 MB.
System memory in use after: 110.1 MB.

Unloading 11 unused Assets to reduce memory usage. Loaded Objects now: 3253.
Total: 2.218000 ms (FindLiveObjects: 0.206400 ms CreateObjectMapping: 0.102400 ms MarkObjects: 1.891900 ms  DeleteObjects: 0.016500 ms)

AssetImportWorkerClient::OnTransportError - code=2 error=End of file
